0 info it worked if it ends with ok
1 verbose cli [ '/usr/bin/nodejs', '/usr/bin/npm', 'start' ]
2 info using npm@3.10.3
3 info using node@v6.4.0
4 verbose run-script [ 'prestart', 'start', 'poststart' ]
5 info lifecycle campuSale2@0.0.0~prestart: campuSale2@0.0.0
6 silly lifecycle campuSale2@0.0.0~prestart: no script for prestart, continuing
7 info lifecycle campuSale2@0.0.0~start: campuSale2@0.0.0
8 verbose lifecycle campuSale2@0.0.0~start: unsafe-perm in lifecycle true
9 verbose lifecycle campuSale2@0.0.0~start: PATH: /usr/lib/node_modules/npm/bin/node-gyp-bin:/home/jay/campuSale2/node_modules/.bin:/usr/bin:/usr/local/bin:/usr/bin:/bin:/usr/local/games:/usr/games
10 verbose lifecycle campuSale2@0.0.0~start: CWD: /home/jay/campuSale2
11 silly lifecycle campuSale2@0.0.0~start: Args: [ '-c', 'node ./bin/www' ]
12 silly lifecycle campuSale2@0.0.0~start: Returned: code: 1  signal: null
13 info lifecycle campuSale2@0.0.0~start: Failed to exec start script
14 verbose stack Error: campuSale2@0.0.0 start: `node ./bin/www`
14 verbose stack Exit status 1
14 verbose stack     at EventEmitter.<anonymous> (/usr/lib/node_modules/npm/lib/utils/lifecycle.js:242:16)
14 verbose stack     at emitTwo (events.js:106:13)
14 verbose stack     at EventEmitter.emit (events.js:191:7)
14 verbose stack     at ChildProcess.<anonymous> (/usr/lib/node_modules/npm/lib/utils/spawn.js:40:14)
14 verbose stack     at emitTwo (events.js:106:13)
14 verbose stack     at ChildProcess.emit (events.js:191:7)
14 verbose stack     at maybeClose (internal/child_process.js:852:16)
14 verbose stack     at Process.ChildProcess._handle.onexit (internal/child_process.js:215:5)
15 verbose pkgid campuSale2@0.0.0
16 verbose cwd /home/jay/campuSale2
17 error Linux 3.2.0-4-amd64
18 error argv "/usr/bin/nodejs" "/usr/bin/npm" "start"
19 error node v6.4.0
20 error npm  v3.10.3
21 error code ELIFECYCLE
22 error campuSale2@0.0.0 start: `node ./bin/www`
22 error Exit status 1
23 error Failed at the campuSale2@0.0.0 start script 'node ./bin/www'.
23 error Make sure you have the latest version of node.js and npm installed.
23 error If you do, this is most likely a problem with the campuSale2 package,
23 error not with npm itself.
23 error Tell the author that this fails on your system:
23 error     node ./bin/www
23 error You can get information on how to open an issue for this project with:
23 error     npm bugs campuSale2
23 error Or if that isn't available, you can get their info via:
23 error     npm owner ls campuSale2
23 error There is likely additional logging output above.
24 verbose exit [ 1, true ]
